/opt/conda/envs/py_3.9/lib/python3.9/site-packages/torch/_utils.py:831: UserWarning: TypedStorage is deprecated. It will be removed in the future and UntypedStorage will be the only storage class. This should only matter to you if you are using storages directly.  To access UntypedStorage directly, use tensor.untyped_storage() instead of tensor.storage()
  return self.fget.__get__(instance, owner)()
iter 1000: train_loss: 0.03429, train_acc: 0.87
iter 2000: train_loss: 0.01900, train_acc: 0.94
iter 3000: train_loss: 0.01547, train_acc: 0.95
iter 4000: train_loss: 0.01378, train_acc: 0.96
iter 5000: train_loss: 0.01203, train_acc: 0.96
iter 6000: train_loss: 0.01114, train_acc: 0.96
iter 7000: train_loss: 0.01099, train_acc: 0.97
iter 8000: train_loss: 0.01004, train_acc: 0.97
iter 9000: train_loss: 0.00958, train_acc: 0.97
iter 10000: train_loss: 0.00903, train_acc: 0.97
iter 11000: train_loss: 0.00875, train_acc: 0.97
iter 12000: train_loss: 0.00815, train_acc: 0.97
iter 13000: train_loss: 0.00836, train_acc: 0.97
iter 14000: train_loss: 0.00817, train_acc: 0.97
iter 15000: train_loss: 0.00777, train_acc: 0.98
iter 15625: train_loss: 0.00795, train_acc: 0.98
/opt/conda/envs/py_3.9/lib/python3.9/site-packages/torch/_utils.py:831: UserWarning: TypedStorage is deprecated. It will be removed in the future and UntypedStorage will be the only storage class. This should only matter to you if you are using storages directly.  To access UntypedStorage directly, use tensor.untyped_storage() instead of tensor.storage()
  return self.fget.__get__(instance, owner)()
checkpoint load...
epoch 2 train start...
iter 1000: train_loss: 0.01809, train_acc: 0.970
iter 2000: train_loss: 0.01580, train_acc: 0.976
iter 3000: train_loss: 0.01596, train_acc: 0.975
iter 4000: train_loss: 0.01634, train_acc: 0.974
iter 5000: train_loss: 0.01581, train_acc: 0.977
iter 6000: train_loss: 0.01522, train_acc: 0.975
iter 7000: train_loss: 0.01519, train_acc: 0.976
iter 8000: train_loss: 0.01508, train_acc: 0.976
iter 9000: train_loss: 0.01407, train_acc: 0.980
iter 10000: train_loss: 0.01435, train_acc: 0.979
iter 11000: train_loss: 0.01482, train_acc: 0.977
iter 12000: train_loss: 0.01291, train_acc: 0.980
iter 13000: train_loss: 0.01621, train_acc: 0.975
iter 14000: train_loss: 0.01396, train_acc: 0.978
iter 15000: train_loss: 0.01362, train_acc: 0.978
iter 16000: train_loss: 0.01335, train_acc: 0.979
iter 17000: train_loss: 0.01275, train_acc: 0.980
iter 18000: train_loss: 0.01349, train_acc: 0.978
iter 19000: train_loss: 0.01307, train_acc: 0.980
iter 20000: train_loss: 0.01320, train_acc: 0.978
iter 21000: train_loss: 0.01324, train_acc: 0.979
iter 22000: train_loss: 0.01280, train_acc: 0.981
iter 23000: train_loss: 0.01246, train_acc: 0.980
iter 24000: train_loss: 0.01123, train_acc: 0.981
iter 25000: train_loss: 0.01319, train_acc: 0.979
iter 26000: train_loss: 0.01221, train_acc: 0.981
iter 27000: train_loss: 0.01217, train_acc: 0.981
iter 28000: train_loss: 0.01258, train_acc: 0.981
iter 29000: train_loss: 0.01225, train_acc: 0.981
iter 30000: train_loss: 0.01251, train_acc: 0.980
iter 31000: train_loss: 0.01211, train_acc: 0.982
iter 31250: train_loss: 0.01143, train_acc: 0.981
checkpoint saved...
